Arguments: 
  /usr/bin/node /usr/local/bin/yarn

PATH: 
  /usr/local/sbin:/usr/local/bin:/usr/sbin:/usr/bin:/sbin:/bin:/usr/games:/usr/local/games:/snap/bin

Yarn version: 
  1.6.0

Node version: 
  6.11.4

Platform: 
  linux x64

Trace: 
  Error: https://registry.npm.taobao.org/@super-fe%2fBdrainfnEventDispatch: Not found
      at Request.params.callback [as _callback] (/usr/local/lib/node_modules/yarn/lib/cli.js:65327:18)
      at Request.self.callback (/usr/local/lib/node_modules/yarn/lib/cli.js:133155:22)
      at emitTwo (events.js:106:13)
      at Request.emit (events.js:191:7)
      at Request.<anonymous> (/usr/local/lib/node_modules/yarn/lib/cli.js:134138:10)
      at emitOne (events.js:96:13)
      at Request.emit (events.js:188:7)
      at IncomingMessage.<anonymous> (/usr/local/lib/node_modules/yarn/lib/cli.js:134058:12)
      at IncomingMessage.g (events.js:292:16)
      at emitNone (events.js:91:20)

npm manifest: 
  {
    "name": "preact-redux-router-app",
    "version": "1.0.0",
    "description": "the project for preact、preact-redux and preact-router of app",
    "main": "index.js",
    "scripts": {
      "start": "babel-node devServer.js --open --inline",
      "dev": "babel-node devServer.js",
      "build": "babel-node ./node_modules/.bin/webpack --optimize-minimize",
      "testBuild":"babel-node ./node_modules/.bin/webpack-dev-server --open --inline"
    },
    "repository": {
      "type": "git",
      "url": ""
    },
    "author": "RyanHsu",
    "license": "ISC",
    "bugs": {
      "url": ""
    },
    "homepage": "",
    "dependencies": {
      "@super-fe/BdrainfnEventDispatch": "^1.0.1",
      "babel-cli": "^6.24.1",
      "babel-loader": "^7.0.0",
      "babel-plugin-transform-react-jsx": "^6.24.1",
      "babel-preset-es2015": "^6.24.1",
      "babel-preset-stage-0": "^6.24.1",
      "linkstate": "^1.0.1",
      "preact": "^8.1.0",
      "preact-compat": "^3.16.0",
      "preact-redux": "^2.0.1",
      "react-router-dom": "^4.1.1",
      "redux": "^3.7.0",
      "redux-promise": "^0.5.3",
      "redux-thunk": "^2.2.0",
      "whatwg-fetch": "^2.0.3"
    },
    "devDependencies": {
      "friendly-errors-webpack-plugin": "^1.7.0",
      "html-webpack-plugin": "^3.0.7",
      "preact-router-redux": "^4.1.0",
      "webpack": "^3.8.1",
      "webpack-cli": "^2.0.13",
      "webpack-dev-server": "^2.5.1"
    }
  }

yarn manifest: 
  No manifest

Lockfile: 
  No lockfile
